2024-06-16 09:01:45,152 - INFO - NER -   NER in a full-run.
2024-06-16 09:01:45,153 - INFO - NER -   News :loading data from mongodb...
2024-06-16 09:02:27,316 - INFO - NER -   NER in a full-run.
2024-06-16 09:02:27,317 - INFO - NER -   News :loading data from mongodb...
2024-06-16 09:02:27,350 - INFO - NER -   the list of dict size is 73
2024-06-16 09:02:27,350 - INFO - NER -   load data from mongodb time: 0.033000946044921875
2024-06-16 09:02:27,350 - INFO - NER -   processing data...
2024-06-16 09:02:33,335 - INFO - NER -   0 articles added to ner database
2024-06-16 09:02:33,335 - INFO - NER -   News finished in time: 5.984574794769287
2024-06-16 09:02:33,335 - INFO - NER -   all done
2024-06-16 09:07:51,328 - INFO - NER -   NER in a full-run.
2024-06-16 09:07:51,330 - INFO - NER -   News :loading data from mongodb...
2024-06-16 09:07:51,368 - INFO - NER -   the list of dict size is 73
2024-06-16 09:07:51,368 - INFO - NER -   load data from mongodb time: 0.037999629974365234
2024-06-16 09:07:51,368 - INFO - NER -   processing data...
2024-06-16 09:07:57,578 - INFO - NER -   0 articles added to ner database
2024-06-16 09:07:57,579 - INFO - NER -   News finished in time: 6.210497856140137
2024-06-16 09:07:57,579 - INFO - NER -   all done
2024-06-16 09:08:30,095 - INFO - NER -   NER in a full-run.
2024-06-16 09:08:33,409 - INFO - NER -   News :loading data from mongodb...
2024-06-16 09:09:23,804 - INFO - NER -   NER in a full-run.
2024-06-16 09:09:25,222 - INFO - NER -   News :loading data from mongodb...
2024-06-16 09:09:27,652 - INFO - NER -   the list of dict size is 73
2024-06-16 09:09:28,433 - INFO - NER -   load data from mongodb time: 3.664600133895874
2024-06-16 09:09:32,446 - INFO - NER -   processing data...
2024-06-16 09:10:09,698 - INFO - NER -   all done
2024-06-16 11:13:30,643 - INFO - NER -   NER in a full-run.
2024-06-16 11:13:30,644 - INFO - NER -   News :loading data from mongodb...
2024-06-16 11:13:30,674 - INFO - NER -   the list of dict size is 73
2024-06-16 11:13:30,674 - INFO - NER -   load data from mongodb time: 0.030000686645507812
2024-06-16 11:13:30,674 - INFO - NER -   processing data...
2024-06-16 11:13:56,391 - INFO - NER -   NER in a full-run.
2024-06-16 11:13:56,393 - INFO - NER -   News :loading data from mongodb...
2024-06-16 11:13:56,411 - INFO - NER -   the list of dict size is 73
2024-06-16 11:13:56,411 - INFO - NER -   load data from mongodb time: 0.018998384475708008
2024-06-16 11:13:56,411 - INFO - NER -   processing data...
2024-06-16 16:04:45,955 - INFO - NER -   NER in a full-run.
2024-06-16 16:04:45,956 - INFO - NER -   News :loading data from mongodb...
2024-06-16 16:05:20,454 - INFO - NER -   NER in a full-run.
2024-06-16 16:05:38,882 - INFO - NER -   NER in a full-run.
2024-06-16 16:06:05,293 - INFO - NER -   NER in a full-run.
2024-06-16 16:06:05,306 - INFO - NER -   News :loading data from mongodb...
2024-06-16 16:06:05,319 - INFO - NER -   the list of dict size is 73
2024-06-16 16:06:05,319 - INFO - NER -   load data from mongodb time: 0.025000572204589844
2024-06-16 16:06:05,319 - INFO - NER -   processing data...
2024-06-16 16:06:20,935 - INFO - NER -   all done
2024-06-16 16:07:50,461 - INFO - NER -   NER in a full-run.
2024-06-16 16:07:50,467 - INFO - NER -   News :loading data from mongodb...
2024-06-16 16:07:50,480 - INFO - NER -   the list of dict size is 73
2024-06-16 16:07:50,480 - INFO - NER -   load data from mongodb time: 0.018000125885009766
2024-06-16 16:07:50,480 - INFO - NER -   processing data...
2024-06-16 16:08:06,514 - INFO - NER -   all done
2024-06-16 16:13:31,963 - INFO - NER -   NER in a full-run.
2024-06-16 16:13:59,259 - INFO - NER -   NER in a full-run.
2024-06-16 16:13:59,264 - INFO - NER -   News :loading data from mongodb...
2024-06-16 16:13:59,278 - INFO - NER -   the list of dict size is 73
2024-06-16 16:13:59,278 - INFO - NER -   load data from mongodb time: 0.0175931453704834
2024-06-16 16:13:59,278 - INFO - NER -   processing data...
2024-06-16 16:14:12,395 - INFO - NER -   all done
2024-06-16 16:50:54,873 - INFO - NER -   NER in a full-run.
2024-06-16 16:50:54,887 - INFO - NER -   News :loading data from mongodb...
2024-06-16 16:50:54,929 - INFO - NER -   the list of dict size is 73
2024-06-16 16:50:54,929 - INFO - NER -   load data from mongodb time: 0.05500149726867676
2024-06-16 16:50:54,929 - INFO - NER -   processing data...
2024-06-16 16:50:54,938 - INFO - NER -   all done
2024-06-16 18:20:43,275 - INFO - NER -   NER in a full-run.
2024-06-16 18:20:43,289 - INFO - NER -   News :loading data from mongodb...
2024-06-16 18:20:43,334 - INFO - NER -   the list of dict size is 73
2024-06-16 18:20:43,334 - INFO - NER -   load data from mongodb time: 0.057857513427734375
2024-06-16 18:20:43,334 - INFO - NER -   processing data...
2024-06-16 18:20:43,344 - INFO - NER -   all done
2024-06-16 18:21:44,007 - INFO - NER -   NER in a full-run.
2024-06-16 18:21:44,018 - INFO - NER -   News :loading data from mongodb...
2024-06-16 18:21:44,040 - INFO - NER -   the list of dict size is 73
2024-06-16 18:21:44,041 - INFO - NER -   load data from mongodb time: 0.031998634338378906
2024-06-16 18:21:44,041 - INFO - NER -   processing data...
2024-06-16 18:23:35,963 - INFO - NER -   NER in a full-run.
2024-06-16 18:25:02,868 - INFO - NER -   NER in a full-run.
2024-06-16 18:25:55,370 - INFO - NER -   NER in a full-run.
2024-06-16 18:29:33,385 - INFO - NER -   NER in a full-run.
2024-06-16 18:29:59,963 - INFO - NER -   NER in a full-run.
2024-06-16 18:30:14,770 - INFO - NER -   NER in a full-run.
2024-06-16 18:31:16,419 - INFO - NER -   News :loading data from mongodb...
2024-06-16 18:31:16,430 - INFO - NER -   the list of dict size is 73
2024-06-16 18:31:16,430 - INFO - NER -   load data from mongodb time: 61.66005349159241
2024-06-16 18:31:16,430 - INFO - NER -   processing data...
2024-06-16 18:31:33,490 - INFO - NER -   all done
2024-06-16 18:34:16,432 - INFO - NER -   NER in a full-run.
2024-06-16 18:34:16,851 - INFO - NER -   News :loading data from mongodb...
2024-06-16 18:34:16,862 - INFO - NER -   the list of dict size is 73
2024-06-16 18:34:16,862 - INFO - NER -   load data from mongodb time: 0.428006649017334
2024-06-16 18:34:16,862 - INFO - NER -   processing data...
2024-06-16 18:34:33,332 - INFO - NER -   all done
2024-06-16 18:36:35,842 - INFO - NER -   NER in a full-run.
2024-06-16 18:36:55,215 - INFO - NER -   NER in a full-run.
2024-06-16 18:37:04,946 - INFO - NER -   News :loading data from mongodb...
2024-06-16 18:37:04,958 - INFO - NER -   the list of dict size is 73
2024-06-16 18:37:04,958 - INFO - NER -   load data from mongodb time: 9.742652893066406
2024-06-16 18:37:04,958 - INFO - NER -   processing data...
2024-06-16 18:37:18,548 - INFO - NER -   all done
